This is pdfTeX, Version 3.141592653-2.6-1.40.27 (MiKTeX 25.4) (preloaded format=pdflatex 2025.6.30)  1 JUL 2025 17:12
entering extended mode
 \write18 enabled.
 %&-line parsing enabled.
**c:/Users/marod/Desktop/DOCUMENTOS/TFG/latex/main.tex
(c:/Users/marod/Desktop/DOCUMENTOS/TFG/latex/main.tex
LaTeX2e <2025-06-01> patch level 1
L3 programming layer <2025-06-09>
(C:\Users\marod\AppData\Local\Programs\MiKTeX\tex/latex/base\article.cls
Document Class: article 2025/01/22 v1.4n Standard LaTeX document class
(C:\Users\marod\AppData\Local\Programs\MiKTeX\tex/latex/base\size12.clo
File: size12.clo 2025/01/22 v1.4n Standard LaTeX file (size option)
)
\c@part=\count275
\c@section=\count276
\c@subsection=\count277
\c@subsubsection=\count278
\c@paragraph=\count279
\c@subparagraph=\count280
\c@figure=\count281
\c@table=\count282
\abovecaptionskip=\skip49
\belowcaptionskip=\skip50
\bibindent=\dimen148
) (C:\Users\marod\AppData\Local\Programs\MiKTeX\tex/latex/geometry\geometry.sty
Package: geometry 2020/01/02 v5.9 Page Geometry
 (C:\Users\marod\AppData\Local\Programs\MiKTeX\tex/latex/graphics\keyval.sty
Package: keyval 2022/05/29 v1.15 key=value parser (DPC)
\KV@toks@=\toks17
) (C:\Users\marod\AppData\Local\Programs\MiKTeX\tex/generic/iftex\ifvtex.sty
Package: ifvtex 2019/10/25 v1.7 ifvtex legacy package. Use iftex instead.
 (C:\Users\marod\AppData\Local\Programs\MiKTeX\tex/generic/iftex\iftex.sty
Package: iftex 2024/12/12 v1.0g TeX engine tests
))
\Gm@cnth=\count283
\Gm@cntv=\count284
\c@Gm@tempcnt=\count285
\Gm@bindingoffset=\dimen149
\Gm@wd@mp=\dimen150
\Gm@odd@mp=\dimen151
\Gm@even@mp=\dimen152
\Gm@layoutwidth=\dimen153
\Gm@layoutheight=\dimen154
\Gm@layouthoffset=\dimen155
\Gm@layoutvoffset=\dimen156
\Gm@dimlist=\toks18
 (C:\Users\marod\AppData\Local\Programs\MiKTeX\tex/latex/geometry\geometry.cfg)) (C:\Users\marod\AppData\Local\Programs\MiKTeX\tex/generic/babel\babel.sty
Package: babel 2025/05/14 v25.9 The multilingual framework for pdfLaTeX, LuaLaTeX and XeLaTeX
\babel@savecnt=\count286
LaTeX Encoding Info:    Redeclaring text command \ij (encoding OT1) on input line 2043.
LaTeX Encoding Info:    Redeclaring text command \IJ (encoding OT1) on input line 2045.
LaTeX Encoding Info:    Redeclaring text command \ij (encoding T1) on input line 2047.
LaTeX Encoding Info:    Redeclaring text command \IJ (encoding T1) on input line 2048.
LaTeX Encoding Info:    Ignoring declaration for text command \ij (encoding ?) on input line 2049.
LaTeX Encoding Info:    Ignoring declaration for text command \IJ (encoding ?) on input line 2051.
LaTeX Encoding Info:    Ignoring declaration for text command \SS (encoding ?) on input line 2076.
\U@D=\dimen157
\l@unhyphenated=\language79
 (C:\Users\marod\AppData\Local\Programs\MiKTeX\tex/generic/babel\txtbabel.def)
\bbl@readstream=\read2
\bbl@dirlevel=\count287

*************************************
* Local config file bblopts.cfg used
*
(C:\Users\marod\AppData\Local\Programs\MiKTeX\tex/latex/arabi\bblopts.cfg
File: bblopts.cfg 2005/09/08 v0.1 add Arabic and Farsi to "declared" options of babel
) (C:\Users\marod\AppData\Local\Programs\MiKTeX\tex/latex/babel-spanish\spanish.ldf
Language: spanish.ldf 2021/05/27 v5.0q Spanish support from the babel system
 (C:\Users\marod\AppData\Local\Programs\MiKTeX\tex/generic/babel/locale/es\babel-spanish.tex
Package babel Info: Importing font and identification data for spanish
(babel)             from babel-es.ini. Reported on input line 11.
)
\es@quottoks=\toks19
\es@quotdepth=\count288
Package babel Info: Making " an active character on input line 570.
Package babel Info: Making . an active character on input line 675.
Package babel Info: Making < an active character on input line 722.
Package babel Info: Making > an active character on input line 722.
))
LaTeX Encoding Info:    Redeclaring text command \guillemotleft (encoding OT1) on input line 10.
LaTeX Encoding Info:    Redeclaring text command \guillemotright (encoding OT1) on input line 10.
 (C:\Users\marod\AppData\Local\Programs\MiKTeX\tex/latex/base\inputenc.sty
Package: inputenc 2024/02/08 v1.3d Input encoding file
\inpenc@prehook=\toks20
\inpenc@posthook=\toks21
) (C:\Users\marod\AppData\Local\Programs\MiKTeX\tex/latex/base\fontenc.sty
Package: fontenc 2024/12/21 v2.1c Standard LaTeX package
) (C:\Users\marod\AppData\Local\Programs\MiKTeX\tex/latex/tocbibind\tocbibind.sty
Package: tocbibind 2010/10/13 v1.5k extra ToC listings
Package tocbibind Info: The document has section divisions on input line 50.


Package tocbibind Note: Using section or other style headings.

) (C:\Users\marod\AppData\Local\Programs\MiKTeX\tex/latex/doi\doi.sty
Package: doi 2018/09/09 handle doi numbers
 (C:\Users\marod\AppData\Local\Programs\MiKTeX\tex/latex/hyperref\hyperref.sty
Package: hyperref 2025-06-21 v7.01n Hypertext links for LaTeX
 (C:\Users\marod\AppData\Local\Programs\MiKTeX\tex/latex/kvsetkeys\kvsetkeys.sty
Package: kvsetkeys 2022-10-05 v1.19 Key value parser (HO)
) (C:\Users\marod\AppData\Local\Programs\MiKTeX\tex/generic/kvdefinekeys\kvdefinekeys.sty
Package: kvdefinekeys 2019-12-19 v1.6 Define keys (HO)
) (C:\Users\marod\AppData\Local\Programs\MiKTeX\tex/generic/pdfescape\pdfescape.sty
Package: pdfescape 2019/12/09 v1.15 Implements pdfTeX's escape features (HO)
 (C:\Users\marod\AppData\Local\Programs\MiKTeX\tex/generic/ltxcmds\ltxcmds.sty
Package: ltxcmds 2023-12-04 v1.26 LaTeX kernel commands for general use (HO)
) (C:\Users\marod\AppData\Local\Programs\MiKTeX\tex/generic/pdftexcmds\pdftexcmds.sty
Package: pdftexcmds 2020-06-27 v0.33 Utility functions of pdfTeX for LuaTeX (HO)
 (C:\Users\marod\AppData\Local\Programs\MiKTeX\tex/generic/infwarerr\infwarerr.sty
Package: infwarerr 2019/12/03 v1.5 Providing info/warning/error messages (HO)
)
Package pdftexcmds Info: \pdf@primitive is available.
Package pdftexcmds Info: \pdf@ifprimitive is available.
Package pdftexcmds Info: \pdfdraftmode found.
)) (C:\Users\marod\AppData\Local\Programs\MiKTeX\tex/latex/hycolor\hycolor.sty
Package: hycolor 2020-01-27 v1.10 Color options for hyperref/bookmark (HO)
) (C:\Users\marod\AppData\Local\Programs\MiKTeX\tex/latex/hyperref\nameref.sty
Package: nameref 2025-06-21 v2.57 Cross-referencing by name of section
 (C:\Users\marod\AppData\Local\Programs\MiKTeX\tex/latex/refcount\refcount.sty
Package: refcount 2019/12/15 v3.6 Data extraction from label references (HO)
) (C:\Users\marod\AppData\Local\Programs\MiKTeX\tex/generic/gettitlestring\gettitlestring.sty
Package: gettitlestring 2019/12/15 v1.6 Cleanup title references (HO)
 (C:\Users\marod\AppData\Local\Programs\MiKTeX\tex/latex/kvoptions\kvoptions.sty
Package: kvoptions 2022-06-15 v3.15 Key value format for package options (HO)
))
\c@section@level=\count289
) (C:\Users\marod\AppData\Local\Programs\MiKTeX\tex/latex/etoolbox\etoolbox.sty
Package: etoolbox 2025/02/11 v2.5l e-TeX tools for LaTeX (JAW)
\etb@tempcnta=\count290
) (C:\Users\marod\AppData\Local\Programs\MiKTeX\tex/generic/stringenc\stringenc.sty
Package: stringenc 2019/11/29 v1.12 Convert strings between diff. encodings (HO)
)
\@linkdim=\dimen158
\Hy@linkcounter=\count291
\Hy@pagecounter=\count292
 (C:\Users\marod\AppData\Local\Programs\MiKTeX\tex/latex/hyperref\pd1enc.def
File: pd1enc.def 2025-06-21 v7.01n Hyperref: PDFDocEncoding definition (HO)
Now handling font encoding PD1 ...
... no UTF-8 mapping file for font encoding PD1
) (C:\Users\marod\AppData\Local\Programs\MiKTeX\tex/generic/intcalc\intcalc.sty
Package: intcalc 2019/12/15 v1.3 Expandable calculations with integers (HO)
)
\Hy@SavedSpaceFactor=\count293
 (C:\Users\marod\AppData\Local\Programs\MiKTeX\tex/latex/hyperref\puenc.def
File: puenc.def 2025-06-21 v7.01n Hyperref: PDF Unicode definition (HO)
Now handling font encoding PU ...
... no UTF-8 mapping file for font encoding PU
)
Package hyperref Info: Hyper figures OFF on input line 4181.
Package hyperref Info: Link nesting OFF on input line 4186.
Package hyperref Info: Hyper index ON on input line 4189.
Package hyperref Info: Plain pages OFF on input line 4196.
Package hyperref Info: Backreferencing OFF on input line 4201.
Package hyperref Info: Implicit mode ON; LaTeX internals redefined.
Package hyperref Info: Bookmarks ON on input line 4448.
\c@Hy@tempcnt=\count294
 (C:\Users\marod\AppData\Local\Programs\MiKTeX\tex/latex/url\url.sty
\Urlmuskip=\muskip17
Package: url 2013/09/16  ver 3.4  Verb mode for urls, etc.
)
LaTeX Info: Redefining \url on input line 4787.
\XeTeXLinkMargin=\dimen159
 (C:\Users\marod\AppData\Local\Programs\MiKTeX\tex/generic/bitset\bitset.sty
Package: bitset 2019/12/09 v1.3 Handle bit-vector datatype (HO)
 (C:\Users\marod\AppData\Local\Programs\MiKTeX\tex/generic/bigintcalc\bigintcalc.sty
Package: bigintcalc 2019/12/15 v1.5 Expandable calculations on big integers (HO)
))
\Fld@menulength=\count295
\Field@Width=\dimen160
\Fld@charsize=\dimen161
Package hyperref Info: Hyper figures OFF on input line 6066.
Package hyperref Info: Link nesting OFF on input line 6071.
Package hyperref Info: Hyper index ON on input line 6074.
Package hyperref Info: backreferencing OFF on input line 6081.
Package hyperref Info: Link coloring OFF on input line 6086.
Package hyperref Info: Link coloring with OCG OFF on input line 6091.
Package hyperref Info: PDF/A mode OFF on input line 6096.
\Hy@abspage=\count296
\c@Item=\count297
\c@Hfootnote=\count298
)
Package hyperref Info: Driver (autodetected): hpdftex.
 (C:\Users\marod\AppData\Local\Programs\MiKTeX\tex/latex/hyperref\hpdftex.def
File: hpdftex.def 2025-06-21 v7.01n Hyperref driver for pdfTeX
\Fld@listcount=\count299
\c@bookmark@seq@number=\count300
 (C:\Users\marod\AppData\Local\Programs\MiKTeX\tex/latex/rerunfilecheck\rerunfilecheck.sty
Package: rerunfilecheck 2025-06-21 v1.11 Rerun checks for auxiliary files (HO)
 (C:\Users\marod\AppData\Local\Programs\MiKTeX\tex/generic/uniquecounter\uniquecounter.sty
Package: uniquecounter 2019/12/15 v1.4 Provide unlimited unique counter (HO)
)
Package uniquecounter Info: New unique counter `rerunfilecheck' on input line 284.
)
\Hy@SectionHShift=\skip51
)) (C:\Users\marod\AppData\Local\Programs\MiKTeX\tex/latex/listings\listings.sty
\lst@mode=\count301
\lst@gtempboxa=\box53
\lst@token=\toks22
\lst@length=\count302
\lst@currlwidth=\dimen162
\lst@column=\count303
\lst@pos=\count304
\lst@lostspace=\dimen163
\lst@width=\dimen164
\lst@newlines=\count305
\lst@lineno=\count306
\lst@maxwidth=\dimen165
 (C:\Users\marod\AppData\Local\Programs\MiKTeX\tex/latex/listings\lstpatch.sty
File: lstpatch.sty 2024/09/23 1.10c (Carsten Heinz)
) (C:\Users\marod\AppData\Local\Programs\MiKTeX\tex/latex/listings\lstmisc.sty
File: lstmisc.sty 2024/09/23 1.10c (Carsten Heinz)
\c@lstnumber=\count307
\lst@skipnumbers=\count308
\lst@framebox=\box54
) (C:\Users\marod\AppData\Local\Programs\MiKTeX\tex/latex/listings\listings.cfg
File: listings.cfg 2024/09/23 1.10c listings configuration
))
Package: listings 2024/09/23 1.10c (Carsten Heinz)
 (C:\Users\marod\AppData\Local\Programs\MiKTeX\tex/latex/listings\lstlang1.sty
File: lstlang1.sty 2024/09/23 1.10c listings language file
) (C:\Users\marod\AppData\Local\Programs\MiKTeX\tex/latex/listings\lstmisc.sty
File: lstmisc.sty 2024/09/23 1.10c (Carsten Heinz)
) (C:\Users\marod\AppData\Local\Programs\MiKTeX\tex/latex/algorithms\algorithm.sty
Package: algorithm 2009/08/24 v0.1 Document Style `algorithm' - floating environment
 (C:\Users\marod\AppData\Local\Programs\MiKTeX\tex/latex/float\float.sty
Package: float 2001/11/08 v1.3d Float enhancements (AL)
\c@float@type=\count309
\float@exts=\toks23
\float@box=\box55
\@float@everytoks=\toks24
\@floatcapt=\box56
) (C:\Users\marod\AppData\Local\Programs\MiKTeX\tex/latex/base\ifthen.sty
Package: ifthen 2024/03/16 v1.1e Standard LaTeX ifthen package (DPC)
)
\@float@every@algorithm=\toks25
\c@algorithm=\count310
) (C:\Users\marod\AppData\Local\Programs\MiKTeX\tex/latex/algorithmicx\algpseudocode.sty
Package: algpseudocode 
 (C:\Users\marod\AppData\Local\Programs\MiKTeX\tex/latex/algorithmicx\algorithmicx.sty
Package: algorithmicx 2005/04/27 v1.2 Algorithmicx

Document Style algorithmicx 1.2 - a greatly improved `algorithmic' style
\c@ALG@line=\count311
\c@ALG@rem=\count312
\c@ALG@nested=\count313
\ALG@tlm=\skip52
\ALG@thistlm=\skip53
\c@ALG@Lnr=\count314
\c@ALG@blocknr=\count315
\c@ALG@storecount=\count316
\c@ALG@tmpcounter=\count317
\ALG@tmplength=\skip54
)
Document Style - pseudocode environments for use with the `algorithmicx' style
) (C:\Users\marod\AppData\Local\Programs\MiKTeX\tex/latex/amsmath\amsmath.sty
Package: amsmath 2025/06/16 v2.17y AMS math features
\@mathmargin=\skip55

For additional information on amsmath, use the `?' option.
(C:\Users\marod\AppData\Local\Programs\MiKTeX\tex/latex/amsmath\amstext.sty
Package: amstext 2024/11/17 v2.01 AMS text
 (C:\Users\marod\AppData\Local\Programs\MiKTeX\tex/latex/amsmath\amsgen.sty
File: amsgen.sty 1999/11/30 v2.0 generic functions
\@emptytoks=\toks26
\ex@=\dimen166
)) (C:\Users\marod\AppData\Local\Programs\MiKTeX\tex/latex/amsmath\amsbsy.sty
Package: amsbsy 1999/11/29 v1.2d Bold Symbols
\pmbraise@=\dimen167
) (C:\Users\marod\AppData\Local\Programs\MiKTeX\tex/latex/amsmath\amsopn.sty
Package: amsopn 2022/04/08 v2.04 operator names
)
\inf@bad=\count318
LaTeX Info: Redefining \frac on input line 233.
\uproot@=\count319
\leftroot@=\count320
LaTeX Info: Redefining \overline on input line 398.
LaTeX Info: Redefining \colon on input line 409.
\classnum@=\count321
\DOTSCASE@=\count322
LaTeX Info: Redefining \ldots on input line 495.
LaTeX Info: Redefining \dots on input line 498.
LaTeX Info: Redefining \cdots on input line 619.
\Mathstrutbox@=\box57
\strutbox@=\box58
LaTeX Info: Redefining \big on input line 721.
LaTeX Info: Redefining \Big on input line 722.
LaTeX Info: Redefining \bigg on input line 723.
LaTeX Info: Redefining \Bigg on input line 724.
\big@size=\dimen168
LaTeX Font Info:    Redeclaring font encoding OML on input line 742.
LaTeX Font Info:    Redeclaring font encoding OMS on input line 743.
\macc@depth=\count323
LaTeX Info: Redefining \bmod on input line 904.
LaTeX Info: Redefining \pmod on input line 909.
LaTeX Info: Redefining \smash on input line 939.
LaTeX Info: Redefining \relbar on input line 969.
LaTeX Info: Redefining \Relbar on input line 970.
\c@MaxMatrixCols=\count324
\dotsspace@=\muskip18
\c@parentequation=\count325
\dspbrk@lvl=\count326
\tag@help=\toks27
\row@=\count327
\column@=\count328
\maxfields@=\count329
\andhelp@=\toks28
\eqnshift@=\dimen169
\alignsep@=\dimen170
\tagshift@=\dimen171
\tagwidth@=\dimen172
\totwidth@=\dimen173
\lineht@=\dimen174
\@envbody=\toks29
\multlinegap=\skip56
\multlinetaggap=\skip57
\mathdisplay@stack=\toks30
LaTeX Info: Redefining \[ on input line 2949.
LaTeX Info: Redefining \] on input line 2950.
) (C:\Users\marod\AppData\Local\Programs\MiKTeX\tex/latex/amscls\amsthm.sty
Package: amsthm 2020/05/29 v2.20.6
\thm@style=\toks31
\thm@bodyfont=\toks32
\thm@headfont=\toks33
\thm@notefont=\toks34
\thm@headpunct=\toks35
\thm@preskip=\skip58
\thm@postskip=\skip59
\thm@headsep=\skip60
\dth@everypar=\toks36
) (C:\Users\marod\AppData\Local\Programs\MiKTeX\tex/latex/amsfonts\amsfonts.sty
Package: amsfonts 2013/01/14 v3.01 Basic AMSFonts support
\symAMSa=\mathgroup4
\symAMSb=\mathgroup5
LaTeX Font Info:    Redeclaring math symbol \hbar on input line 98.
LaTeX Font Info:    Overwriting math alphabet `\mathfrak' in version `bold'
(Font)                  U/euf/m/n --> U/euf/b/n on input line 106.
) (C:\Users\marod\AppData\Local\Programs\MiKTeX\tex/latex/amsfonts\amssymb.sty
Package: amssymb 2013/01/14 v3.01 AMS font symbols
)
\c@defn=\count330
\c@thm=\count331
\c@lem=\count332
 (C:\Users\marod\AppData\Local\Programs\MiKTeX\tex/latex/setspace\setspace.sty
Package: setspace 2022/12/04 v6.7b set line spacing
) (C:\Users\marod\AppData\Local\Programs\MiKTeX\tex/latex/graphics\graphicx.sty
Package: graphicx 2024/12/31 v1.2e Enhanced LaTeX Graphics (DPC,SPQR)
 (C:\Users\marod\AppData\Local\Programs\MiKTeX\tex/latex/graphics\graphics.sty
Package: graphics 2024/08/06 v1.4g Standard LaTeX Graphics (DPC,SPQR)
 (C:\Users\marod\AppData\Local\Programs\MiKTeX\tex/latex/graphics\trig.sty
Package: trig 2023/12/02 v1.11 sin cos tan (DPC)
) (C:\Users\marod\AppData\Local\Programs\MiKTeX\tex/latex/graphics-cfg\graphics.cfg
File: graphics.cfg 2016/06/04 v1.11 sample graphics configuration
)
Package graphics Info: Driver file: pdftex.def on input line 106.
 (C:\Users\marod\AppData\Local\Programs\MiKTeX\tex/latex/graphics-def\pdftex.def
File: pdftex.def 2024/04/13 v1.2c Graphics/color driver for pdftex
))
\Gin@req@height=\dimen175
\Gin@req@width=\dimen176
) (C:\Users\marod\AppData\Local\Programs\MiKTeX\tex/latex/titlesec\titlesec.sty
Package: titlesec 2025/01/04 v2.17 Sectioning titles
\ttl@box=\box59
\beforetitleunit=\skip61
\aftertitleunit=\skip62
\ttl@plus=\dimen177
\ttl@minus=\dimen178
\ttl@toksa=\toks37
\titlewidth=\dimen179
\titlewidthlast=\dimen180
\titlewidthfirst=\dimen181
) (C:\Users\marod\AppData\Local\Programs\MiKTeX\tex/latex/appendix\appendix.sty
Package: appendix 2020/02/08 v1.2c extra appendix facilities
\c@@pps=\count333
\c@@ppsavesec=\count334
\c@@ppsaveapp=\count335
) (C:\Users\marod\AppData\Local\Programs\MiKTeX\tex/latex/caption\caption.sty
Package: caption 2023/08/05 v3.6o Customizing captions (AR)
 (C:\Users\marod\AppData\Local\Programs\MiKTeX\tex/latex/caption\caption3.sty
Package: caption3 2023/07/31 v2.4d caption3 kernel (AR)
\caption@tempdima=\dimen182
\captionmargin=\dimen183
\caption@leftmargin=\dimen184
\caption@rightmargin=\dimen185
\caption@width=\dimen186
\caption@indent=\dimen187
\caption@parindent=\dimen188
\caption@hangindent=\dimen189
Package caption Info: Standard document class detected.
)
\c@caption@flags=\count336
\c@continuedfloat=\count337
Package caption Info: float package is loaded.
Package caption Info: hyperref package is loaded.
Package caption Info: listings package is loaded.
) (C:\Users\marod\AppData\Local\Programs\MiKTeX\tex/latex/caption\subcaption.sty
Package: subcaption 2023/07/28 v1.6b Sub-captions (AR)
Package caption Info: New subtype `subfigure' on input line 238.
\c@subfigure=\count338
Package caption Info: New subtype `subtable' on input line 238.
\c@subtable=\count339
) (C:\Users\marod\AppData\Local\Programs\MiKTeX\tex/latex/makecell\makecell.sty
Package: makecell 2009/08/03 V0.1e Managing of Tab Column Heads and Cells
 (C:\Users\marod\AppData\Local\Programs\MiKTeX\tex/latex/tools\array.sty
Package: array 2025/06/08 v2.6j Tabular extension package (FMi)
\col@sep=\dimen190
\ar@mcellbox=\box60
\extrarowheight=\dimen191
\NC@list=\toks38
\extratabsurround=\skip63
\backup@length=\skip64
\ar@cellbox=\box61
)
\rotheadsize=\dimen192
\c@nlinenum=\count340
\TeXr@lab=\toks39
) (C:\Users\marod\AppData\Local\Programs\MiKTeX\tex/latex/svg\svg.sty
Package: svg 2020/11/26 v2.02k (include SVG pictures)
 (C:\Users\marod\AppData\Local\Programs\MiKTeX\tex/latex/koma-script\scrbase.sty
Package: scrbase 2025/06/04 v3.45 KOMA-Script package (KOMA-Script-independent basics and keyval usage)
 (C:\Users\marod\AppData\Local\Programs\MiKTeX\tex/latex/koma-script\scrlfile.sty
Package: scrlfile 2025/06/04 v3.45 KOMA-Script package (file load hooks)
 (C:\Users\marod\AppData\Local\Programs\MiKTeX\tex/latex/koma-script\scrlfile-hook.sty
Package: scrlfile-hook 2025/06/04 v3.45 KOMA-Script package (using LaTeX hooks)
 (C:\Users\marod\AppData\Local\Programs\MiKTeX\tex/latex/koma-script\scrlogo.sty
Package: scrlogo 2025/06/04 v3.45 KOMA-Script package (logo)
)))
Applying: [2021/05/01] Usage of raw or classic option list on input line 254.
Already applied: [0000/00/00] Usage of raw or classic option list on input line 370.
) (C:\Users\marod\AppData\Local\Programs\MiKTeX\tex/latex/trimspaces\trimspaces.sty
Package: trimspaces 2009/09/17 v1.1 Trim spaces around a token list
) (C:\Users\marod\AppData\Local\Programs\MiKTeX\tex/latex/tools\shellesc.sty
Package: shellesc 2023/07/08 v1.0d unified shell escape interface for LaTeX
Package shellesc Info: Unrestricted shell escape enabled on input line 75.
) (C:\Users\marod\AppData\Local\Programs\MiKTeX\tex/latex/ifplatform\ifplatform.sty
Package: ifplatform 2017/10/13 v0.4a Testing for the operating system
 (C:\Users\marod\AppData\Local\Programs\MiKTeX\tex/generic/catchfile\catchfile.sty
Package: catchfile 2019/12/09 v1.8 Catch the contents of a file (HO)
 (C:\Users\marod\AppData\Local\Programs\MiKTeX\tex/generic/etexcmds\etexcmds.sty
Package: etexcmds 2019/12/15 v1.7 Avoid name clashes with e-TeX commands (HO)
)) (C:\Users\marod\AppData\Local\Programs\MiKTeX\tex/generic/iftex\ifluatex.sty
Package: ifluatex 2019/10/25 v1.5 ifluatex legacy package. Use iftex instead.
))
\c@svg@param@lastpage=\count341
\svg@box=\box62
\c@svg@param@currpage=\count342
) (C:\Users\marod\AppData\Local\Programs\MiKTeX\tex/latex/xcolor\xcolor.sty
Package: xcolor 2024/09/29 v3.02 LaTeX color extensions (UK)
 (C:\Users\marod\AppData\Local\Programs\MiKTeX\tex/latex/graphics-cfg\color.cfg
File: color.cfg 2016/01/02 v1.6 sample color configuration
)
Package xcolor Info: Driver file: pdftex.def on input line 274.
 (C:\Users\marod\AppData\Local\Programs\MiKTeX\tex/latex/graphics\mathcolor.ltx)
Package xcolor Info: Model `cmy' substituted by `cmy0' on input line 1349.
Package xcolor Info: Model `hsb' substituted by `rgb' on input line 1353.
Package xcolor Info: Model `RGB' extended on input line 1365.
Package xcolor Info: Model `HTML' substituted by `rgb' on input line 1367.
Package xcolor Info: Model `Hsb' substituted by `hsb' on input line 1368.
Package xcolor Info: Model `tHsb' substituted by `hsb' on input line 1369.
Package xcolor Info: Model `HSB' substituted by `hsb' on input line 1370.
Package xcolor Info: Model `Gray' substituted by `gray' on input line 1371.
Package xcolor Info: Model `wave' substituted by `hsb' on input line 1372.
) (C:\Users\marod\AppData\Local\Programs\MiKTeX\tex/latex/transparent\transparent.sty
Package: transparent 2025-06-23 v1.6 Transparency with color stacks
 (C:\Users\marod\AppData\Local\Programs\MiKTeX\tex/latex/transparent\transparent-nometadata.sty
Package: transparent-nometadata 2025-06-23 v1.6 Transparency via pdfTeX's color stack (HO)
 (C:\Users\marod\AppData\Local\Programs\MiKTeX\tex/latex/auxhook\auxhook.sty
Package: auxhook 2019-12-17 v1.6 Hooks for auxiliary files (HO)
))) (C:\Users\marod\AppData\Local\Programs\MiKTeX\tex/latex/pgf/systemlayer\pgfsys.sty (C:\Users\marod\AppData\Local\Programs\MiKTeX\tex/latex/pgf/utilities\pgfrcs.sty (C:\Users\marod\AppData\Local\Programs\MiKTeX\tex/generic/pgf/utilities\pgfutil-common.tex
\pgfutil@everybye=\toks40
\pgfutil@tempdima=\dimen193
\pgfutil@tempdimb=\dimen194
) (C:\Users\marod\AppData\Local\Programs\MiKTeX\tex/generic/pgf/utilities\pgfutil-latex.def
\pgfutil@abb=\box63
) (C:\Users\marod\AppData\Local\Programs\MiKTeX\tex/generic/pgf/utilities\pgfrcs.code.tex (C:\Users\marod\AppData\Local\Programs\MiKTeX\tex/generic/pgf\pgf.revision.tex)
Package: pgfrcs 2023-01-15 v3.1.10 (3.1.10)
)) (C:\Users\marod\AppData\Local\Programs\MiKTeX\tex/generic/pgf/systemlayer\pgfsys.code.tex
Package: pgfsys 2023-01-15 v3.1.10 (3.1.10)
 (C:\Users\marod\AppData\Local\Programs\MiKTeX\tex/generic/pgf/utilities\pgfkeys.code.tex
\pgfkeys@pathtoks=\toks41
\pgfkeys@temptoks=\toks42
 (C:\Users\marod\AppData\Local\Programs\MiKTeX\tex/generic/pgf/utilities\pgfkeyslibraryfiltered.code.tex
\pgfkeys@tmptoks=\toks43
))
\pgf@x=\dimen195
\pgf@y=\dimen196
\pgf@xa=\dimen197
\pgf@ya=\dimen198
\pgf@xb=\dimen199
\pgf@yb=\dimen256
\pgf@xc=\dimen257
\pgf@yc=\dimen258
\pgf@xd=\dimen259
\pgf@yd=\dimen260
\w@pgf@writea=\write3
\r@pgf@reada=\read3
\c@pgf@counta=\count343
\c@pgf@countb=\count344
\c@pgf@countc=\count345
\c@pgf@countd=\count346
\t@pgf@toka=\toks44
\t@pgf@tokb=\toks45
\t@pgf@tokc=\toks46
\pgf@sys@id@count=\count347
 (C:\Users\marod\AppData\Local\Programs\MiKTeX\tex/generic/pgf/systemlayer\pgf.cfg
File: pgf.cfg 2023-01-15 v3.1.10 (3.1.10)
)
Driver file for pgf: pgfsys-pdftex.def
 (C:\Users\marod\AppData\Local\Programs\MiKTeX\tex/generic/pgf/systemlayer\pgfsys-pdftex.def
File: pgfsys-pdftex.def 2023-01-15 v3.1.10 (3.1.10)
 (C:\Users\marod\AppData\Local\Programs\MiKTeX\tex/generic/pgf/systemlayer\pgfsys-common-pdf.def
File: pgfsys-common-pdf.def 2023-01-15 v3.1.10 (3.1.10)
))) (C:\Users\marod\AppData\Local\Programs\MiKTeX\tex/generic/pgf/systemlayer\pgfsyssoftpath.code.tex
File: pgfsyssoftpath.code.tex 2023-01-15 v3.1.10 (3.1.10)
\pgfsyssoftpath@smallbuffer@items=\count348
\pgfsyssoftpath@bigbuffer@items=\count349
) (C:\Users\marod\AppData\Local\Programs\MiKTeX\tex/generic/pgf/systemlayer\pgfsysprotocol.code.tex
File: pgfsysprotocol.code.tex 2023-01-15 v3.1.10 (3.1.10)
)) (C:\Users\marod\AppData\Local\Programs\MiKTeX\tex/latex/pdfpages\pdfpages.sty
Package: pdfpages 2025/03/12 v0.6f Insert pages of external PDF documents (AM)
 (C:\Users\marod\AppData\Local\Programs\MiKTeX\tex/latex/tools\calc.sty
Package: calc 2025/03/01 v4.3b Infix arithmetic (KKT,FJ)
\calc@Acount=\count350
\calc@Bcount=\count351
\calc@Adimen=\dimen261
\calc@Bdimen=\dimen262
\calc@Askip=\skip65
\calc@Bskip=\skip66
LaTeX Info: Redefining \setlength on input line 86.
LaTeX Info: Redefining \addtolength on input line 87.
\calc@Ccount=\count352
\calc@Cskip=\skip67
) (C:\Users\marod\AppData\Local\Programs\MiKTeX\tex/latex/eso-pic\eso-pic.sty
Package: eso-pic 2023/05/03 v3.0c eso-pic (RN)
\ESO@tempdima=\dimen263
\ESO@tempdimb=\dimen264
)
\AM@pagewidth=\dimen265
\AM@pageheight=\dimen266
\AM@fboxrule=\dimen267
 (C:\Users\marod\AppData\Local\Programs\MiKTeX\tex/latex/pdfpages\pppdftex.def
File: pppdftex.def 2025/03/12 v0.6f Pdfpages driver for pdfTeX (AM)
)
\pdfpages@includegraphics@status=\count353
\AM@pagebox=\box64
\AM@global@opts=\toks47
\AM@pagecnt=\count354
\AM@toc@title=\toks48
\AM@lof@heading=\toks49
\c@AM@survey=\count355
\AM@templatesizebox=\box65
)
Package hyperref Info: Option `colorlinks' set `true' on input line 77.
 (C:\Users\marod\AppData\Local\Programs\MiKTeX\tex/latex/lm\lmodern.sty
Package: lmodern 2015/05/01 v1.6.1 Latin Modern Fonts
LaTeX Font Info:    Overwriting symbol font `operators' in version `normal'
(Font)                  OT1/cmr/m/n --> OT1/lmr/m/n on input line 22.
LaTeX Font Info:    Overwriting symbol font `letters' in version `normal'
(Font)                  OML/cmm/m/it --> OML/lmm/m/it on input line 23.
LaTeX Font Info:    Overwriting symbol font `symbols' in version `normal'
(Font)                  OMS/cmsy/m/n --> OMS/lmsy/m/n on input line 24.
LaTeX Font Info:    Overwriting symbol font `largesymbols' in version `normal'
(Font)                  OMX/cmex/m/n --> OMX/lmex/m/n on input line 25.
LaTeX Font Info:    Overwriting symbol font `operators' in version `bold'
(Font)                  OT1/cmr/bx/n --> OT1/lmr/bx/n on input line 26.
LaTeX Font Info:    Overwriting symbol font `letters' in version `bold'
(Font)                  OML/cmm/b/it --> OML/lmm/b/it on input line 27.
LaTeX Font Info:    Overwriting symbol font `symbols' in version `bold'
(Font)                  OMS/cmsy/b/n --> OMS/lmsy/b/n on input line 28.
LaTeX Font Info:    Overwriting symbol font `largesymbols' in version `bold'
(Font)                  OMX/cmex/m/n --> OMX/lmex/m/n on input line 29.
LaTeX Font Info:    Overwriting math alphabet `\mathbf' in version `normal'
(Font)                  OT1/cmr/bx/n --> OT1/lmr/bx/n on input line 31.
LaTeX Font Info:    Overwriting math alphabet `\mathsf' in version `normal'
(Font)                  OT1/cmss/m/n --> OT1/lmss/m/n on input line 32.
LaTeX Font Info:    Overwriting math alphabet `\mathit' in version `normal'
(Font)                  OT1/cmr/m/it --> OT1/lmr/m/it on input line 33.
LaTeX Font Info:    Overwriting math alphabet `\mathtt' in version `normal'
(Font)                  OT1/cmtt/m/n --> OT1/lmtt/m/n on input line 34.
LaTeX Font Info:    Overwriting math alphabet `\mathbf' in version `bold'
(Font)                  OT1/cmr/bx/n --> OT1/lmr/bx/n on input line 35.
LaTeX Font Info:    Overwriting math alphabet `\mathsf' in version `bold'
(Font)                  OT1/cmss/bx/n --> OT1/lmss/bx/n on input line 36.
LaTeX Font Info:    Overwriting math alphabet `\mathit' in version `bold'
(Font)                  OT1/cmr/bx/it --> OT1/lmr/bx/it on input line 37.
LaTeX Font Info:    Overwriting math alphabet `\mathtt' in version `bold'
(Font)                  OT1/cmtt/m/n --> OT1/lmtt/m/n on input line 38.
) (C:\Users\marod\AppData\Local\Programs\MiKTeX\tex/latex/fancyhdr\fancyhdr.sty
Package: fancyhdr 2025/02/07 v5.2 Extensive control of page headers and footers
\f@nch@headwidth=\skip68
\f@nch@offset@elh=\skip69
\f@nch@offset@erh=\skip70
\f@nch@offset@olh=\skip71
\f@nch@offset@orh=\skip72
\f@nch@offset@elf=\skip73
\f@nch@offset@erf=\skip74
\f@nch@offset@olf=\skip75
\f@nch@offset@orf=\skip76
\f@nch@height=\skip77
\f@nch@footalignment=\skip78
\f@nch@widthL=\skip79
\f@nch@widthC=\skip80
\f@nch@widthR=\skip81
\@temptokenb=\toks50
)
LaTeX Font Info:    Trying to load font information for T1+lmr on input line 160.
 (C:\Users\marod\AppData\Local\Programs\MiKTeX\tex/latex/lm\t1lmr.fd
File: t1lmr.fd 2015/05/01 v1.6.1 Font defs for Latin Modern
) (C:\Users\marod\AppData\Local\Programs\MiKTeX\tex/latex/l3backend\l3backend-pdftex.def
File: l3backend-pdftex.def 2025-06-09 L3 backend support: PDF output (pdfTeX)
\l__color_backend_stack_int=\count356
) (main.aux
LaTeX Info: Redefining \. on input line 13.
LaTeX Info: Redefining \% on input line 13.
Package babel Info: 'spanish' activates 'spanish' shorthands.
(babel)             Reported  on input line 13.
)
\openout1 = `main.aux'.

LaTeX Font Info:    Checking defaults for OML/cmm/m/it on input line 160.
LaTeX Font Info:    ... okay on input line 160.
LaTeX Font Info:    Checking defaults for OMS/cmsy/m/n on input line 160.
LaTeX Font Info:    ... okay on input line 160.
LaTeX Font Info:    Checking defaults for OT1/cmr/m/n on input line 160.
LaTeX Font Info:    ... okay on input line 160.
LaTeX Font Info:    Checking defaults for T1/cmr/m/n on input line 160.
LaTeX Font Info:    ... okay on input line 160.
LaTeX Font Info:    Checking defaults for TS1/cmr/m/n on input line 160.
LaTeX Font Info:    ... okay on input line 160.
LaTeX Font Info:    Checking defaults for OMX/cmex/m/n on input line 160.
LaTeX Font Info:    ... okay on input line 160.
LaTeX Font Info:    Checking defaults for U/cmr/m/n on input line 160.
LaTeX Font Info:    ... okay on input line 160.
LaTeX Font Info:    Checking defaults for PD1/pdf/m/n on input line 160.
LaTeX Font Info:    ... okay on input line 160.
LaTeX Font Info:    Checking defaults for PU/pdf/m/n on input line 160.
LaTeX Font Info:    ... okay on input line 160.

*geometry* driver: auto-detecting
*geometry* detected driver: pdftex
*geometry* verbose mode - [ preamble ] result:
* driver: pdftex
* paper: a4paper
* layout: <same size as paper>
* layoutoffset:(h,v)=(0.0pt,0.0pt)
* modes: 
* h-part:(L,W,R)=(99.58464pt, 412.56497pt, 85.35826pt)
* v-part:(T,H,B)=(113.81102pt, 617.4248pt, 113.81102pt)
* \paperwidth=597.50787pt
* \paperheight=845.04684pt
* \textwidth=412.56497pt
* \textheight=617.4248pt
* \oddsidemargin=27.31465pt
* \evensidemargin=27.31465pt
* \topmargin=-58.0436pt
* \headheight=56.9055pt
* \headsep=42.67912pt
* \topskip=12.0pt
* \footskip=42.67912pt
* \marginparwidth=35.0pt
* \marginparsep=10.0pt
* \columnsep=10.0pt
* \skip\footins=10.8pt plus 4.0pt minus 2.0pt
* \hoffset=0.0pt
* \voffset=0.0pt
* \mag=1000
* \@twocolumnfalse
* \@twosidefalse
* \@mparswitchfalse
* \@reversemarginfalse
* (1in=72.27pt=25.4mm, 1cm=28.453pt)

LaTeX Info: Redefining \. on input line 160.
LaTeX Info: Redefining \% on input line 160.
Package hyperref Info: Link coloring ON on input line 160.
(main.out) (main.out)
\@outlinefile=\write4
\openout4 = `main.out'.

\c@lstlisting=\count357
 (C:\Users\marod\AppData\Local\Programs\MiKTeX\tex/context/base/mkii\supp-pdf.mkii
[Loading MPS to PDF converter (version 2006.09.02).]
\scratchcounter=\count358
\scratchdimen=\dimen268
\scratchbox=\box66
\nofMPsegments=\count359
\nofMParguments=\count360
\everyMPshowfont=\toks51
\MPscratchCnt=\count361
\MPscratchDim=\dimen269
\MPnumerator=\count362
\makeMPintoPDFobject=\count363
\everyMPtoPDFconversion=\toks52
) (C:\Users\marod\AppData\Local\Programs\MiKTeX\tex/latex/epstopdf-pkg\epstopdf-base.sty
Package: epstopdf-base 2020-01-24 v2.11 Base part for package epstopdf
Package epstopdf-base Info: Redefining graphics rule for `.eps' on input line 485.
 (C:\Users\marod\AppData\Local\Programs\MiKTeX\tex/latex/00miktex\epstopdf-sys.cfg
File: epstopdf-sys.cfg 2021/03/18 v2.0 Configuration of epstopdf for MiKTeX
))
Package caption Info: Begin \AtBeginDocument code.
Package caption Info: End \AtBeginDocument code.
 (C:\Users\marod\AppData\Local\Programs\MiKTeX\tex/latex/pdflscape\pdflscape.sty
Package: pdflscape 2022-10-27 v0.13 Display of landscape pages in PDF
 (C:\Users\marod\AppData\Local\Programs\MiKTeX\tex/latex/pdflscape\pdflscape-nometadata.sty
Package: pdflscape-nometadata 2022-10-28 v0.13 Display of landscape pages in PDF (HO)
 (C:\Users\marod\AppData\Local\Programs\MiKTeX\tex/latex/graphics\lscape.sty
Package: lscape 2020/05/28 v3.02 Landscape Pages (DPC)
)
Package pdflscape Info: Auto-detected driver: pdftex on input line 81.
))
<./images/logo-um.png, id=93, 501.875pt x 494.84875pt>
File: ./images/logo-um.png Graphic file (type png)
<use ./images/logo-um.png>
Package pdftex.def Info: ./images/logo-um.png  used on input line 170.
(pdftex.def)             Requested size: 125.46843pt x 123.71188pt.
LaTeX Font Info:    Trying to load font information for OT1+lmr on input line 170.
 (C:\Users\marod\AppData\Local\Programs\MiKTeX\tex/latex/lm\ot1lmr.fd
File: ot1lmr.fd 2015/05/01 v1.6.1 Font defs for Latin Modern
)
LaTeX Font Info:    Trying to load font information for OML+lmm on input line 170.
 (C:\Users\marod\AppData\Local\Programs\MiKTeX\tex/latex/lm\omllmm.fd
File: omllmm.fd 2015/05/01 v1.6.1 Font defs for Latin Modern
)
LaTeX Font Info:    Trying to load font information for OMS+lmsy on input line 170.
 (C:\Users\marod\AppData\Local\Programs\MiKTeX\tex/latex/lm\omslmsy.fd
File: omslmsy.fd 2015/05/01 v1.6.1 Font defs for Latin Modern
)
LaTeX Font Info:    Trying to load font information for OMX+lmex on input line 170.
 (C:\Users\marod\AppData\Local\Programs\MiKTeX\tex/latex/lm\omxlmex.fd
File: omxlmex.fd 2015/05/01 v1.6.1 Font defs for Latin Modern
)
LaTeX Font Info:    External font `lmex10' loaded for size
(Font)              <14.4> on input line 170.
LaTeX Font Info:    External font `lmex10' loaded for size
(Font)              <10> on input line 170.
LaTeX Font Info:    External font `lmex10' loaded for size
(Font)              <7> on input line 170.
LaTeX Font Info:    Trying to load font information for U+msa on input line 170.
 (C:\Users\marod\AppData\Local\Programs\MiKTeX\tex/latex/amsfonts\umsa.fd
File: umsa.fd 2013/01/14 v3.01 AMS symbols A
)
LaTeX Font Info:    Trying to load font information for U+msb on input line 170.
 (C:\Users\marod\AppData\Local\Programs\MiKTeX\tex/latex/amsfonts\umsb.fd
File: umsb.fd 2013/01/14 v3.01 AMS symbols B
)

[1

{C:/Users/marod/AppData/Local/MiKTeX/fonts/map/pdftex/pdftex.map}{C:/Users/marod/AppData/Local/Programs/MiKTeX/fonts/enc/dvips/lm/lm-ec.enc} <./images/logo-um.png>]

[2]

[3

]

[4]

[5]

[6]

[7] (main.toc
LaTeX Info: Redefining \. on input line 1.
LaTeX Info: Redefining \% on input line 1.
LaTeX Font Info:    External font `lmex10' loaded for size
(Font)              <12> on input line 3.
LaTeX Font Info:    External font `lmex10' loaded for size
(Font)              <8> on input line 3.
LaTeX Font Info:    External font `lmex10' loaded for size
(Font)              <6> on input line 3.
)
\tf@toc=\write5
\openout5 = `main.toc'.



[8]

[9]
<./svg-inkscape/undirected_svg-raw.pdf, id=173, 363.3575pt x 303.1325pt>
File: ./svg-inkscape/undirected_svg-raw.pdf Graphic file (type pdf)
<use ./svg-inkscape/undirected_svg-raw.pdf>
Package pdftex.def Info: ./svg-inkscape/undirected_svg-raw.pdf  used on input line 262.
(pdftex.def)             Requested size: 363.3566pt x 303.13176pt.
<./svg-inkscape/directed_svg-raw.pdf, id=174, 363.3575pt x 303.1325pt>
File: ./svg-inkscape/directed_svg-raw.pdf Graphic file (type pdf)
<use ./svg-inkscape/directed_svg-raw.pdf>
Package pdftex.def Info: ./svg-inkscape/directed_svg-raw.pdf  used on input line 268.
(pdftex.def)             Requested size: 363.3566pt x 303.13176pt.
<./svg-inkscape/weighted_svg-raw.pdf, id=177, 362.96225pt x 302.37788pt>
File: ./svg-inkscape/weighted_svg-raw.pdf Graphic file (type pdf)
<use ./svg-inkscape/weighted_svg-raw.pdf>
Package pdftex.def Info: ./svg-inkscape/weighted_svg-raw.pdf  used on input line 282.
(pdftex.def)             Requested size: 362.96136pt x 302.37714pt.


[10{C:/Users/marod/AppData/Local/Programs/MiKTeX/fonts/enc/dvips/lm/lm-mathit.enc}{C:/Users/marod/AppData/Local/Programs/MiKTeX/fonts/enc/dvips/lm/lm-rm.enc}{C:/Users/marod/AppData/Local/Programs/MiKTeX/fonts/enc/dvips/lm/lm-mathsy.enc} <./svg-inkscape/undirected_svg-raw.pdf> <./svg-inkscape/directed_svg-raw.pdf

pdfTeX warning: pdflatex (file ./svg-inkscape/directed_svg-raw.pdf): PDF inclusion: multiple pdfs with page group included in a single page
>]

[11{C:/Users/marod/AppData/Local/Programs/MiKTeX/fonts/enc/dvips/lm/lm-mathex.enc} <./svg-inkscape/weighted_svg-raw.pdf>]

[12]

[13]
LaTeX Font Info:    External font `lmex10' loaded for size
(Font)              <5> on input line 342.


[14]
Package svg Info: Last page of `./svg-inkscape/heap-tree_svg-tex.pdf' is 11 on input line 357.
 (svg-inkscape/heap-tree_svg-tex.pdf_tex
<./svg-inkscape/heap-tree_svg-tex.pdf, id=263, page=1, 369.64626pt x 283.28564pt>
File: ./svg-inkscape/heap-tree_svg-tex.pdf Graphic file (type pdf)
<use ./svg-inkscape/heap-tree_svg-tex.pdf, page 1>
Package pdftex.def Info: ./svg-inkscape/heap-tree_svg-tex.pdf , page1 used on input line 56.
(pdftex.def)             Requested size: 295.71811pt x 226.64178pt.
<./svg-inkscape/heap-tree_svg-tex.pdf, id=264, page=2, 369.64626pt x 283.28564pt>
File: ./svg-inkscape/heap-tree_svg-tex.pdf Graphic file (type pdf)
<use ./svg-inkscape/heap-tree_svg-tex.pdf, page 2>
Package pdftex.def Info: ./svg-inkscape/heap-tree_svg-tex.pdf , page2 used on input line 58.
(pdftex.def)             Requested size: 295.71811pt x 226.64178pt.
<./svg-inkscape/heap-tree_svg-tex.pdf, id=265, page=3, 369.64626pt x 283.28564pt>
File: ./svg-inkscape/heap-tree_svg-tex.pdf Graphic file (type pdf)
<use ./svg-inkscape/heap-tree_svg-tex.pdf, page 3>
Package pdftex.def Info: ./svg-inkscape/heap-tree_svg-tex.pdf , page3 used on input line 60.
(pdftex.def)             Requested size: 295.71811pt x 226.64178pt.
<./svg-inkscape/heap-tree_svg-tex.pdf, id=266, page=4, 369.64626pt x 283.28564pt>
File: ./svg-inkscape/heap-tree_svg-tex.pdf Graphic file (type pdf)
<use ./svg-inkscape/heap-tree_svg-tex.pdf, page 4>
Package pdftex.def Info: ./svg-inkscape/heap-tree_svg-tex.pdf , page4 used on input line 62.
(pdftex.def)             Requested size: 295.71811pt x 226.64178pt.
<./svg-inkscape/heap-tree_svg-tex.pdf, id=267, page=5, 369.64626pt x 283.28564pt>
File: ./svg-inkscape/heap-tree_svg-tex.pdf Graphic file (type pdf)
<use ./svg-inkscape/heap-tree_svg-tex.pdf, page 5>
Package pdftex.def Info: ./svg-inkscape/heap-tree_svg-tex.pdf , page5 used on input line 64.
(pdftex.def)             Requested size: 295.71811pt x 226.64178pt.
<./svg-inkscape/heap-tree_svg-tex.pdf, id=268, page=6, 369.64626pt x 283.28564pt>
File: ./svg-inkscape/heap-tree_svg-tex.pdf Graphic file (type pdf)
<use ./svg-inkscape/heap-tree_svg-tex.pdf, page 6>
Package pdftex.def Info: ./svg-inkscape/heap-tree_svg-tex.pdf , page6 used on input line 66.
(pdftex.def)             Requested size: 295.71811pt x 226.64178pt.
<./svg-inkscape/heap-tree_svg-tex.pdf, id=269, page=7, 369.64626pt x 283.28564pt>
File: ./svg-inkscape/heap-tree_svg-tex.pdf Graphic file (type pdf)
<use ./svg-inkscape/heap-tree_svg-tex.pdf, page 7>
Package pdftex.def Info: ./svg-inkscape/heap-tree_svg-tex.pdf , page7 used on input line 68.
(pdftex.def)             Requested size: 295.71811pt x 226.64178pt.
<./svg-inkscape/heap-tree_svg-tex.pdf, id=270, page=8, 369.64626pt x 283.28564pt>
File: ./svg-inkscape/heap-tree_svg-tex.pdf Graphic file (type pdf)
<use ./svg-inkscape/heap-tree_svg-tex.pdf, page 8>
Package pdftex.def Info: ./svg-inkscape/heap-tree_svg-tex.pdf , page8 used on input line 70.
(pdftex.def)             Requested size: 295.71811pt x 226.64178pt.
<./svg-inkscape/heap-tree_svg-tex.pdf, id=271, page=9, 369.64626pt x 283.28564pt>
File: ./svg-inkscape/heap-tree_svg-tex.pdf Graphic file (type pdf)
<use ./svg-inkscape/heap-tree_svg-tex.pdf, page 9>
Package pdftex.def Info: ./svg-inkscape/heap-tree_svg-tex.pdf , page9 used on input line 72.
(pdftex.def)             Requested size: 295.71811pt x 226.64178pt.
<./svg-inkscape/heap-tree_svg-tex.pdf, id=272, page=10, 369.64626pt x 283.28564pt>
File: ./svg-inkscape/heap-tree_svg-tex.pdf Graphic file (type pdf)
<use ./svg-inkscape/heap-tree_svg-tex.pdf, page 10>
Package pdftex.def Info: ./svg-inkscape/heap-tree_svg-tex.pdf , page10 used on input line 74.
(pdftex.def)             Requested size: 295.71811pt x 226.64178pt.
<./svg-inkscape/heap-tree_svg-tex.pdf, id=273, page=11, 369.64626pt x 283.28564pt>
File: ./svg-inkscape/heap-tree_svg-tex.pdf Graphic file (type pdf)
<use ./svg-inkscape/heap-tree_svg-tex.pdf, page 11>
Package pdftex.def Info: ./svg-inkscape/heap-tree_svg-tex.pdf , page11 used on input line 84.
(pdftex.def)             Requested size: 295.71811pt x 226.64178pt.
)

[15 <./svg-inkscape/heap-tree_svg-tex.pdf> <./svg-inkscape/heap-tree_svg-tex.pdf

pdfTeX warning: pdflatex (file ./svg-inkscape/heap-tree_svg-tex.pdf): PDF inclusion: multiple pdfs with page group included in a single page
> <./svg-inkscape/heap-tree_svg-tex.pdf

pdfTeX warning: pdflatex (file ./svg-inkscape/heap-tree_svg-tex.pdf): PDF inclusion: multiple pdfs with page group included in a single page
> <./svg-inkscape/heap-tree_svg-tex.pdf

pdfTeX warning: pdflatex (file ./svg-inkscape/heap-tree_svg-tex.pdf): PDF inclusion: multiple pdfs with page group included in a single page
> <./svg-inkscape/heap-tree_svg-tex.pdf

pdfTeX warning: pdflatex (file ./svg-inkscape/heap-tree_svg-tex.pdf): PDF inclusion: multiple pdfs with page group included in a single page
> <./svg-inkscape/heap-tree_svg-tex.pdf

pdfTeX warning: pdflatex (file ./svg-inkscape/heap-tree_svg-tex.pdf): PDF inclusion: multiple pdfs with page group included in a single page
> <./svg-inkscape/heap-tree_svg-tex.pdf

pdfTeX warning: pdflatex (file ./svg-inkscape/heap-tree_svg-tex.pdf): PDF inclusion: multiple pdfs with page group included in a single page
> <./svg-inkscape/heap-tree_svg-tex.pdf

pdfTeX warning: pdflatex (file ./svg-inkscape/heap-tree_svg-tex.pdf): PDF inclusion: multiple pdfs with page group included in a single page
> <./svg-inkscape/heap-tree_svg-tex.pdf

pdfTeX warning: pdflatex (file ./svg-inkscape/heap-tree_svg-tex.pdf): PDF inclusion: multiple pdfs with page group included in a single page
> <./svg-inkscape/heap-tree_svg-tex.pdf

pdfTeX warning: pdflatex (file ./svg-inkscape/heap-tree_svg-tex.pdf): PDF inclusion: multiple pdfs with page group included in a single page
> <./svg-inkscape/heap-tree_svg-tex.pdf

pdfTeX warning: pdflatex (file ./svg-inkscape/heap-tree_svg-tex.pdf): PDF inclusion: multiple pdfs with page group included in a single page
>]
Package hyperref Info: bookmark level for unknown algorithm defaults to 0 on input line 367.


[16]

[17]
Package svg Info: Last page of `./svg-inkscape/example_svg-tex.pdf' is 1 on input line 425.
 (svg-inkscape/example_svg-tex.pdf_tex
<./svg-inkscape/example_svg-tex.pdf, id=314, page=1, 427.17952pt x 224.5093pt>
File: ./svg-inkscape/example_svg-tex.pdf Graphic file (type pdf)
<use ./svg-inkscape/example_svg-tex.pdf, page 1>
Package pdftex.def Info: ./svg-inkscape/example_svg-tex.pdf , page1 used on input line 56.
(pdftex.def)             Requested size: 247.54149pt x 130.099pt.
)

[18 <./svg-inkscape/example_svg-tex.pdf>]

[19]

[20]

[21]
<./svg-inkscape/venn-instances_svg-raw.pdf, id=370, 488.39761pt x 257.29744pt>
File: ./svg-inkscape/venn-instances_svg-raw.pdf Graphic file (type pdf)
<use ./svg-inkscape/venn-instances_svg-raw.pdf>
Package pdftex.def Info: ./svg-inkscape/venn-instances_svg-raw.pdf  used on input line 509.
(pdftex.def)             Requested size: 170.94171pt x 90.05545pt.
<./svg-inkscape/venn-classes_svg-raw.pdf, id=371, 398.48875pt x 256.96pt>
File: ./svg-inkscape/venn-classes_svg-raw.pdf Graphic file (type pdf)
<use ./svg-inkscape/venn-classes_svg-raw.pdf>
Package pdftex.def Info: ./svg-inkscape/venn-classes_svg-raw.pdf  used on input line 515.
(pdftex.def)             Requested size: 139.47314pt x 89.93733pt.


[22]

[23 <./svg-inkscape/venn-instances_svg-raw.pdf> <./svg-inkscape/venn-classes_svg-raw.pdf

pdfTeX warning: pdflatex (file ./svg-inkscape/venn-classes_svg-raw.pdf): PDF inclusion: multiple pdfs with page group included in a single page
>]

[24]
<./svg-inkscape/classification_svg-raw.pdf, id=436, 558.21046pt x 354.9511pt>
File: ./svg-inkscape/classification_svg-raw.pdf Graphic file (type pdf)
<use ./svg-inkscape/classification_svg-raw.pdf>
Package pdftex.def Info: ./svg-inkscape/classification_svg-raw.pdf  used on input line 581.
(pdftex.def)             Requested size: 390.74466pt x 248.46405pt.


[25]
<./svg-inkscape/centralized_svg-raw.pdf, id=458, 505.5136pt x 188.95593pt>
File: ./svg-inkscape/centralized_svg-raw.pdf Graphic file (type pdf)
<use ./svg-inkscape/centralized_svg-raw.pdf>
Package pdftex.def Info: ./svg-inkscape/centralized_svg-raw.pdf  used on input line 593.
(pdftex.def)             Requested size: 505.51236pt x 188.95546pt.


[26 <./svg-inkscape/classification_svg-raw.pdf>]

[27 <./svg-inkscape/centralized_svg-raw.pdf>]
Overfull \vbox (72.4763pt too high) has occurred while \output is active []



[28]

[29]
Overfull \vbox (85.3923pt too high) has occurred while \output is active []



[30]

[31]

[32]

[33]

[34]
LaTeX Font Info:    Trying to load font information for T1+lmtt on input line 787.
 (C:\Users\marod\AppData\Local\Programs\MiKTeX\tex/latex/lm\t1lmtt.fd
File: t1lmtt.fd 2015/05/01 v1.6.1 Font defs for Latin Modern
)

[35]

[36]
LaTeX Font Info:    Trying to load font information for TS1+lmr on input line 841.
 (C:\Users\marod\AppData\Local\Programs\MiKTeX\tex/latex/lm\ts1lmr.fd
File: ts1lmr.fd 2015/05/01 v1.6.1 Font defs for Latin Modern
)

[37{C:/Users/marod/AppData/Local/Programs/MiKTeX/fonts/enc/dvips/lm/lm-ts1.enc}]

[38]

[39]

[40

]

[41]
LaTeX Font Info:    External font `lmex10' loaded for size
(Font)              <10.95> on input line 1028.


[42]

[43

]
Package svg Info: Last page of `./svg-inkscape/lak505d_svg-tex.pdf' is 1 on input line 1085.
 (svg-inkscape/lak505d_svg-tex.pdf_tex
<./svg-inkscape/lak505d_svg-tex.pdf, id=896, page=1, 386.18987pt x 386.19025pt>
File: ./svg-inkscape/lak505d_svg-tex.pdf Graphic file (type pdf)
<use ./svg-inkscape/lak505d_svg-tex.pdf, page 1>
Package pdftex.def Info: ./svg-inkscape/lak505d_svg-tex.pdf , page1 used on input line 56.
(pdftex.def)             Requested size: 132.0238pt x 132.02187pt.
)
Package svg Info: Last page of `./svg-inkscape/Cauldron_svg-tex.pdf' is 1 on input line 1092.
 (svg-inkscape/Cauldron_svg-tex.pdf_tex
<./svg-inkscape/Cauldron_svg-tex.pdf, id=898, page=1, 386.18987pt x 386.18987pt>
File: ./svg-inkscape/Cauldron_svg-tex.pdf Graphic file (type pdf)
<use ./svg-inkscape/Cauldron_svg-tex.pdf, page 1>
Package pdftex.def Info: ./svg-inkscape/Cauldron_svg-tex.pdf , page1 used on input line 56.
(pdftex.def)             Requested size: 132.0238pt x 132.02173pt.
)
Package svg Info: Last page of `./svg-inkscape/maze512-16-0_svg-tex.pdf' is 1 on input line 1099.
 (svg-inkscape/maze512-16-0_svg-tex.pdf_tex
<./svg-inkscape/maze512-16-0_svg-tex.pdf, id=900, page=1, 386.18987pt x 386.18987pt>
File: ./svg-inkscape/maze512-16-0_svg-tex.pdf Graphic file (type pdf)
<use ./svg-inkscape/maze512-16-0_svg-tex.pdf, page 1>
Package pdftex.def Info: ./svg-inkscape/maze512-16-0_svg-tex.pdf , page1 used on input line 56.
(pdftex.def)             Requested size: 132.0238pt x 132.02173pt.
)

[44 <./svg-inkscape/lak505d_svg-tex.pdf> <./svg-inkscape/Cauldron_svg-tex.pdf

pdfTeX warning: pdflatex (file ./svg-inkscape/Cauldron_svg-tex.pdf): PDF inclusion: multiple pdfs with page group included in a single page
> <./svg-inkscape/maze512-16-0_svg-tex.pdf

pdfTeX warning: pdflatex (file ./svg-inkscape/maze512-16-0_svg-tex.pdf): PDF inclusion: multiple pdfs with page group included in a single page
>]
Package svg Info: Last page of `./svg-inkscape/maze_1_svg-tex.pdf' is 1 on input line 1115.
 (svg-inkscape/maze_1_svg-tex.pdf_tex
<./svg-inkscape/maze_1_svg-tex.pdf, id=917, page=1, 722.7pt x 438.92482pt>
File: ./svg-inkscape/maze_1_svg-tex.pdf Graphic file (type pdf)
<use ./svg-inkscape/maze_1_svg-tex.pdf, page 1>
Package pdftex.def Info: ./svg-inkscape/maze_1_svg-tex.pdf , page1 used on input line 56.
(pdftex.def)             Requested size: 202.15909pt x 122.77754pt.
)
Package svg Info: Last page of `./svg-inkscape/maze_2_svg-tex.pdf' is 1 on input line 1119.
 (svg-inkscape/maze_2_svg-tex.pdf_tex
<./svg-inkscape/maze_2_svg-tex.pdf, id=919, page=1, 728.0274pt x 438.92482pt>
File: ./svg-inkscape/maze_2_svg-tex.pdf Graphic file (type pdf)
<use ./svg-inkscape/maze_2_svg-tex.pdf, page 1>
Package pdftex.def Info: ./svg-inkscape/maze_2_svg-tex.pdf , page1 used on input line 56.
(pdftex.def)             Requested size: 202.15909pt x 121.8801pt.
)
Package svg Info: Last page of `./svg-inkscape/maze_4_svg-tex.pdf' is 1 on input line 1125.
 (svg-inkscape/maze_4_svg-tex.pdf_tex
<./svg-inkscape/maze_4_svg-tex.pdf, id=921, page=1, 728.0274pt x 438.92482pt>
File: ./svg-inkscape/maze_4_svg-tex.pdf Graphic file (type pdf)
<use ./svg-inkscape/maze_4_svg-tex.pdf, page 1>
Package pdftex.def Info: ./svg-inkscape/maze_4_svg-tex.pdf , page1 used on input line 56.
(pdftex.def)             Requested size: 202.15909pt x 121.8801pt.
)
Package svg Info: Last page of `./svg-inkscape/maze_8_svg-tex.pdf' is 1 on input line 1129.
 (svg-inkscape/maze_8_svg-tex.pdf_tex
<./svg-inkscape/maze_8_svg-tex.pdf, id=923, page=1, 728.0274pt x 438.92482pt>
File: ./svg-inkscape/maze_8_svg-tex.pdf Graphic file (type pdf)
<use ./svg-inkscape/maze_8_svg-tex.pdf, page 1>
Package pdftex.def Info: ./svg-inkscape/maze_8_svg-tex.pdf , page1 used on input line 56.
(pdftex.def)             Requested size: 202.15909pt x 121.8801pt.
)
Package svg Info: Last page of `./svg-inkscape/maze_16_svg-tex.pdf' is 1 on input line 1135.
 (svg-inkscape/maze_16_svg-tex.pdf_tex
<./svg-inkscape/maze_16_svg-tex.pdf, id=925, page=1, 728.0274pt x 438.92482pt>
File: ./svg-inkscape/maze_16_svg-tex.pdf Graphic file (type pdf)
<use ./svg-inkscape/maze_16_svg-tex.pdf, page 1>
Package pdftex.def Info: ./svg-inkscape/maze_16_svg-tex.pdf , page1 used on input line 56.
(pdftex.def)             Requested size: 202.15909pt x 121.8801pt.
)
Package svg Info: Last page of `./svg-inkscape/maze_32_svg-tex.pdf' is 1 on input line 1139.
 (svg-inkscape/maze_32_svg-tex.pdf_tex
<./svg-inkscape/maze_32_svg-tex.pdf, id=927, page=1, 728.0274pt x 438.92482pt>
File: ./svg-inkscape/maze_32_svg-tex.pdf Graphic file (type pdf)
<use ./svg-inkscape/maze_32_svg-tex.pdf, page 1>
Package pdftex.def Info: ./svg-inkscape/maze_32_svg-tex.pdf , page1 used on input line 56.
(pdftex.def)             Requested size: 202.15909pt x 121.8801pt.
)
Package svg Info: Last page of `./svg-inkscape/maze1000_svg-tex.pdf' is 1 on input line 1145.
 (svg-inkscape/maze1000_svg-tex.pdf_tex
<./svg-inkscape/maze1000_svg-tex.pdf, id=929, page=1, 722.7pt x 438.92482pt>
File: ./svg-inkscape/maze1000_svg-tex.pdf Graphic file (type pdf)
<use ./svg-inkscape/maze1000_svg-tex.pdf, page 1>
Package pdftex.def Info: ./svg-inkscape/maze1000_svg-tex.pdf , page1 used on input line 56.
(pdftex.def)             Requested size: 202.15909pt x 122.77754pt.
)

[45 <./svg-inkscape/maze_1_svg-tex.pdf> <./svg-inkscape/maze_2_svg-tex.pdf

pdfTeX warning: pdflatex (file ./svg-inkscape/maze_2_svg-tex.pdf): PDF inclusion: multiple pdfs with page group included in a single page
> <./svg-inkscape/maze_4_svg-tex.pdf

pdfTeX warning: pdflatex (file ./svg-inkscape/maze_4_svg-tex.pdf): PDF inclusion: multiple pdfs with page group included in a single page
> <./svg-inkscape/maze_8_svg-tex.pdf

pdfTeX warning: pdflatex (file ./svg-inkscape/maze_8_svg-tex.pdf): PDF inclusion: multiple pdfs with page group included in a single page
> <./svg-inkscape/maze_16_svg-tex.pdf

pdfTeX warning: pdflatex (file ./svg-inkscape/maze_16_svg-tex.pdf): PDF inclusion: multiple pdfs with page group included in a single page
> <./svg-inkscape/maze_32_svg-tex.pdf

pdfTeX warning: pdflatex (file ./svg-inkscape/maze_32_svg-tex.pdf): PDF inclusion: multiple pdfs with page group included in a single page
> <./svg-inkscape/maze1000_svg-tex.pdf

pdfTeX warning: pdflatex (file ./svg-inkscape/maze1000_svg-tex.pdf): PDF inclusion: multiple pdfs with page group included in a single page
>]
Package svg Info: Last page of `./svg-inkscape/dao_svg-tex.pdf' is 1 on input line 1159.
 (svg-inkscape/dao_svg-tex.pdf_tex
<./svg-inkscape/dao_svg-tex.pdf, id=1222, page=1, 722.7pt x 438.92482pt>
File: ./svg-inkscape/dao_svg-tex.pdf Graphic file (type pdf)
<use ./svg-inkscape/dao_svg-tex.pdf, page 1>
Package pdftex.def Info: ./svg-inkscape/dao_svg-tex.pdf , page1 used on input line 56.
(pdftex.def)             Requested size: 202.15909pt x 122.77754pt.
)
Package svg Info: Last page of `./svg-inkscape/starcraft_svg-tex.pdf' is 1 on input line 1163.
 (svg-inkscape/starcraft_svg-tex.pdf_tex
<./svg-inkscape/starcraft_svg-tex.pdf, id=1224, page=1, 728.0274pt x 438.92482pt>
File: ./svg-inkscape/starcraft_svg-tex.pdf Graphic file (type pdf)
<use ./svg-inkscape/starcraft_svg-tex.pdf, page 1>
Package pdftex.def Info: ./svg-inkscape/starcraft_svg-tex.pdf , page1 used on input line 56.
(pdftex.def)             Requested size: 202.15909pt x 121.8801pt.
)
Package svg Info: Last page of `./svg-inkscape/random_10_svg-tex.pdf' is 1 on input line 1175.
 (svg-inkscape/random_10_svg-tex.pdf_tex
<./svg-inkscape/random_10_svg-tex.pdf, id=1227, page=1, 722.7pt x 438.92482pt>
File: ./svg-inkscape/random_10_svg-tex.pdf Graphic file (type pdf)
<use ./svg-inkscape/random_10_svg-tex.pdf, page 1>
Package pdftex.def Info: ./svg-inkscape/random_10_svg-tex.pdf , page1 used on input line 56.
(pdftex.def)             Requested size: 202.15909pt x 122.77754pt.
)
Package svg Info: Last page of `./svg-inkscape/random_15_svg-tex.pdf' is 1 on input line 1179.
 (svg-inkscape/random_15_svg-tex.pdf_tex
<./svg-inkscape/random_15_svg-tex.pdf, id=1229, page=1, 722.7pt x 438.92482pt>
File: ./svg-inkscape/random_15_svg-tex.pdf Graphic file (type pdf)
<use ./svg-inkscape/random_15_svg-tex.pdf, page 1>
Package pdftex.def Info: ./svg-inkscape/random_15_svg-tex.pdf , page1 used on input line 56.
(pdftex.def)             Requested size: 202.15909pt x 122.77754pt.
)
Package svg Info: Last page of `./svg-inkscape/random_20_svg-tex.pdf' is 1 on input line 1185.
 (svg-inkscape/random_20_svg-tex.pdf_tex
<./svg-inkscape/random_20_svg-tex.pdf, id=1231, page=1, 722.7pt x 438.92482pt>
File: ./svg-inkscape/random_20_svg-tex.pdf Graphic file (type pdf)
<use ./svg-inkscape/random_20_svg-tex.pdf, page 1>
Package pdftex.def Info: ./svg-inkscape/random_20_svg-tex.pdf , page1 used on input line 56.
(pdftex.def)             Requested size: 202.15909pt x 122.77754pt.
)
Package svg Info: Last page of `./svg-inkscape/random_25_svg-tex.pdf' is 1 on input line 1189.
 (svg-inkscape/random_25_svg-tex.pdf_tex
<./svg-inkscape/random_25_svg-tex.pdf, id=1233, page=1, 722.7pt x 438.92482pt>
File: ./svg-inkscape/random_25_svg-tex.pdf Graphic file (type pdf)
<use ./svg-inkscape/random_25_svg-tex.pdf, page 1>
Package pdftex.def Info: ./svg-inkscape/random_25_svg-tex.pdf , page1 used on input line 56.
(pdftex.def)             Requested size: 202.15909pt x 122.77754pt.
)
Package svg Info: Last page of `./svg-inkscape/random_30_svg-tex.pdf' is 1 on input line 1195.
 (svg-inkscape/random_30_svg-tex.pdf_tex
<./svg-inkscape/random_30_svg-tex.pdf, id=1235, page=1, 722.7pt x 438.92482pt>
File: ./svg-inkscape/random_30_svg-tex.pdf Graphic file (type pdf)
<use ./svg-inkscape/random_30_svg-tex.pdf, page 1>
Package pdftex.def Info: ./svg-inkscape/random_30_svg-tex.pdf , page1 used on input line 56.
(pdftex.def)             Requested size: 202.15909pt x 122.77754pt.
)
Package svg Info: Last page of `./svg-inkscape/random_35_svg-tex.pdf' is 1 on input line 1199.
 (svg-inkscape/random_35_svg-tex.pdf_tex
<./svg-inkscape/random_35_svg-tex.pdf, id=1237, page=1, 722.7pt x 438.92482pt>
File: ./svg-inkscape/random_35_svg-tex.pdf Graphic file (type pdf)
<use ./svg-inkscape/random_35_svg-tex.pdf, page 1>
Package pdftex.def Info: ./svg-inkscape/random_35_svg-tex.pdf , page1 used on input line 56.
(pdftex.def)             Requested size: 202.15909pt x 122.77754pt.
)
Package svg Info: Last page of `./svg-inkscape/random_40_svg-tex.pdf' is 1 on input line 1205.
 (svg-inkscape/random_40_svg-tex.pdf_tex
<./svg-inkscape/random_40_svg-tex.pdf, id=1239, page=1, 722.7pt x 438.92482pt>
File: ./svg-inkscape/random_40_svg-tex.pdf Graphic file (type pdf)
<use ./svg-inkscape/random_40_svg-tex.pdf, page 1>
Package pdftex.def Info: ./svg-inkscape/random_40_svg-tex.pdf , page1 used on input line 56.
(pdftex.def)             Requested size: 202.15909pt x 122.77754pt.
)

[46 <./svg-inkscape/dao_svg-tex.pdf> <./svg-inkscape/starcraft_svg-tex.pdf

pdfTeX warning: pdflatex (file ./svg-inkscape/starcraft_svg-tex.pdf): PDF inclusion: multiple pdfs with page group included in a single page
>]

[47 <./svg-inkscape/random_10_svg-tex.pdf> <./svg-inkscape/random_15_svg-tex.pdf

pdfTeX warning: pdflatex (file ./svg-inkscape/random_15_svg-tex.pdf): PDF inclusion: multiple pdfs with page group included in a single page
> <./svg-inkscape/random_20_svg-tex.pdf

pdfTeX warning: pdflatex (file ./svg-inkscape/random_20_svg-tex.pdf): PDF inclusion: multiple pdfs with page group included in a single page
> <./svg-inkscape/random_25_svg-tex.pdf

pdfTeX warning: pdflatex (file ./svg-inkscape/random_25_svg-tex.pdf): PDF inclusion: multiple pdfs with page group included in a single page
> <./svg-inkscape/random_30_svg-tex.pdf

pdfTeX warning: pdflatex (file ./svg-inkscape/random_30_svg-tex.pdf): PDF inclusion: multiple pdfs with page group included in a single page
> <./svg-inkscape/random_35_svg-tex.pdf

pdfTeX warning: pdflatex (file ./svg-inkscape/random_35_svg-tex.pdf): PDF inclusion: multiple pdfs with page group included in a single page
> <./svg-inkscape/random_40_svg-tex.pdf

pdfTeX warning: pdflatex (file ./svg-inkscape/random_40_svg-tex.pdf): PDF inclusion: multiple pdfs with page group included in a single page
>]
Package svg Info: Last page of `./svg-inkscape/test.drawio_svg-tex.pdf' is 1 on input line 1218.
 (svg-inkscape/test.drawio_svg-tex.pdf_tex
<./svg-inkscape/test.drawio_svg-tex.pdf, id=1605, page=1, 289.4564pt x 48.55641pt>
File: ./svg-inkscape/test.drawio_svg-tex.pdf Graphic file (type pdf)
<use ./svg-inkscape/test.drawio_svg-tex.pdf, page 1>
Package pdftex.def Info: ./svg-inkscape/test.drawio_svg-tex.pdf , page1 used on input line 56.
(pdftex.def)             Requested size: 206.28249pt x 34.60419pt.
)
Package svg Info: Last page of `./svg-inkscape/test_svg-tex.pdf' is 1 on input line 1228.
 (svg-inkscape/test_svg-tex.pdf_tex
<./svg-inkscape/test_svg-tex.pdf, id=1608, page=1, 722.7pt x 438.92482pt>
File: ./svg-inkscape/test_svg-tex.pdf Graphic file (type pdf)
<use ./svg-inkscape/test_svg-tex.pdf, page 1>
Package pdftex.def Info: ./svg-inkscape/test_svg-tex.pdf , page1 used on input line 56.
(pdftex.def)             Requested size: 202.15909pt x 122.77754pt.
)
Package svg Info: Last page of `./svg-inkscape/noobstacle_svg-tex.pdf' is 1 on input line 1232.
 (svg-inkscape/noobstacle_svg-tex.pdf_tex
<./svg-inkscape/noobstacle_svg-tex.pdf, id=1610, page=1, 722.7pt x 438.92482pt>
File: ./svg-inkscape/noobstacle_svg-tex.pdf Graphic file (type pdf)
<use ./svg-inkscape/noobstacle_svg-tex.pdf, page 1>
Package pdftex.def Info: ./svg-inkscape/noobstacle_svg-tex.pdf , page1 used on input line 56.
(pdftex.def)             Requested size: 202.15909pt x 122.77754pt.
)

[48 <./svg-inkscape/test.drawio_svg-tex.pdf> <./svg-inkscape/test_svg-tex.pdf

pdfTeX warning: pdflatex (file ./svg-inkscape/test_svg-tex.pdf): PDF inclusion: multiple pdfs with page group included in a single page
> <./svg-inkscape/noobstacle_svg-tex.pdf

pdfTeX warning: pdflatex (file ./svg-inkscape/noobstacle_svg-tex.pdf): PDF inclusion: multiple pdfs with page group included in a single page
>]
Package svg Info: Last page of `./svg-inkscape/threshold_4_svg-tex.pdf' is 1 on input line 1246.
 (svg-inkscape/threshold_4_svg-tex.pdf_tex
<./svg-inkscape/threshold_4_svg-tex.pdf, id=1703, page=1, 722.7pt x 438.92482pt>
File: ./svg-inkscape/threshold_4_svg-tex.pdf Graphic file (type pdf)
<use ./svg-inkscape/threshold_4_svg-tex.pdf, page 1>
Package pdftex.def Info: ./svg-inkscape/threshold_4_svg-tex.pdf , page1 used on input line 56.
(pdftex.def)             Requested size: 202.15909pt x 122.77754pt.
)
Package svg Info: Last page of `./svg-inkscape/threshold_8_svg-tex.pdf' is 1 on input line 1250.
 (svg-inkscape/threshold_8_svg-tex.pdf_tex
<./svg-inkscape/threshold_8_svg-tex.pdf, id=1705, page=1, 722.7pt x 438.92482pt>
File: ./svg-inkscape/threshold_8_svg-tex.pdf Graphic file (type pdf)
<use ./svg-inkscape/threshold_8_svg-tex.pdf, page 1>
Package pdftex.def Info: ./svg-inkscape/threshold_8_svg-tex.pdf , page1 used on input line 56.
(pdftex.def)             Requested size: 202.15909pt x 122.77754pt.
)
Package svg Info: Last page of `./svg-inkscape/slowexp_svg-tex.pdf' is 1 on input line 1261.
 (svg-inkscape/slowexp_svg-tex.pdf_tex
<./svg-inkscape/slowexp_svg-tex.pdf, id=1707, page=1, 758.6819pt x 438.92482pt>
File: ./svg-inkscape/slowexp_svg-tex.pdf Graphic file (type pdf)
<use ./svg-inkscape/slowexp_svg-tex.pdf, page 1>
Package pdftex.def Info: ./svg-inkscape/slowexp_svg-tex.pdf , page1 used on input line 56.
(pdftex.def)             Requested size: 202.15909pt x 116.95747pt.
)

[49 <./svg-inkscape/threshold_4_svg-tex.pdf> <./svg-inkscape/threshold_8_svg-tex.pdf

pdfTeX warning: pdflatex (file ./svg-inkscape/threshold_8_svg-tex.pdf): PDF inclusion: multiple pdfs with page group included in a single page
> <./svg-inkscape/slowexp_svg-tex.pdf

pdfTeX warning: pdflatex (file ./svg-inkscape/slowexp_svg-tex.pdf): PDF inclusion: multiple pdfs with page group included in a single page
>]

[50]

[51]

[52] (main.bbl
Underfull \hbox (badness 10000) in paragraph at lines 7--13
[][]$\T1/lmtt/m/n/12 https : / / www . scirp . org / journal / paperinformation ? paperid = 70460$[][]\T1/lmr/m/n/12 ,
 []



[53]
Underfull \hbox (badness 10000) in paragraph at lines 112--118
[][]$\T1/lmtt/m/n/12 https : / / ieeexplore . ieee . org / document / 4082128$[][]\T1/lmr/m/n/12 , con-fe-ren-ce Na-me:
 []



[54]

[55]
Underfull \hbox (badness 1708) in paragraph at lines 210--215
\T1/lmr/m/n/12 Al-go-rithms in Ga-me De-ve-lop-ment. IOP Con-fe-ren-ce Se-ries: Ma-te-rials
 []


Underfull \hbox (badness 10000) in paragraph at lines 210--215
\T1/lmr/m/n/12 899X/769/1/012021[][], [][]$\T1/lmtt/m/n/12 https : / / iopscience . iop . org / article / 10 . 1088 /
 []



[56]
Underfull \hbox (badness 10000) in paragraph at lines 255--259
[]\T1/lmr/m/n/12 Standley, T.S., Korf, R.: Com-ple-te Al-go-rithms for Coope-ra-ti-ve
 []


Underfull \hbox (badness 10000) in paragraph at lines 255--259
\T1/lmr/m/n/12 Path-fin-ding Pro-blems. In-ter-na-tio-nal Joint Con-fe-ren-ce on Ar-ti-fi-
 []


Underfull \hbox (badness 10000) in paragraph at lines 255--259
\T1/lmr/m/n/12 cial In-te-lli-gen-ce (2011), [][]$\T1/lmtt/m/n/12 https : / / www . semanticscholar . org / paper /
 []


Underfull \hbox (badness 10000) in paragraph at lines 255--259
\T1/lmtt/m/n/12 Complete-[]Algorithms-[]for-[]Cooperative-[]Pathfinding-[]Standley-[]Korf /
 []

)

[57] (main.aux
LaTeX Info: Redefining \. on input line 13.
LaTeX Info: Redefining \% on input line 13.
)
 ***********
LaTeX2e <2025-06-01> patch level 1
L3 programming layer <2025-06-09>
 ***********
Package rerunfilecheck Info: File `main.out' has not changed.
(rerunfilecheck)             Checksum: 63D825B84B21CF831A11FC89CC1CBD99;3183.
 ) 
Here is how much of TeX's memory you used:
 21863 strings out of 468221
 376907 string characters out of 5432891
 1052639 words of memory out of 5000000
 49567 multiletter control sequences out of 15000+600000
 747099 words of font info for 111 fonts, out of 8000000 for 9000
 1141 hyphenation exceptions out of 8191
 94i,17n,93p,2728b,1992s stack positions out of 10000i,1000n,20000p,200000b,200000s

pdfTeX warning (dest): name{Hfootnote.2} has been referenced but does not exist, replaced by a fixed one


pdfTeX warning (dest): name{Hfootnote.1} has been referenced but does not exist, replaced by a fixed one

<C:/Users/marod/AppData/Local/Programs/MiKTeX/fonts/type1/public/lm/lmbx10.pfb><C:/Users/marod/AppData/Local/Programs/MiKTeX/fonts/type1/public/lm/lmbx12.pfb><C:/Users/marod/AppData/Local/Programs/MiKTeX/fonts/type1/public/lm/lmbxi10.pfb><C:/Users/marod/AppData/Local/Programs/MiKTeX/fonts/type1/public/lm/lmcsc10.pfb><C:/Users/marod/AppData/Local/Programs/MiKTeX/fonts/type1/public/lm/lmex10.pfb><C:/Users/marod/AppData/Local/Programs/MiKTeX/fonts/type1/public/lm/lmmi12.pfb><C:/Users/marod/AppData/Local/Programs/MiKTeX/fonts/type1/public/lm/lmmi8.pfb><C:/Users/marod/AppData/Local/Programs/MiKTeX/fonts/type1/public/lm/lmr10.pfb><C:/Users/marod/AppData/Local/Programs/MiKTeX/fonts/type1/public/lm/lmr12.pfb><C:/Users/marod/AppData/Local/Programs/MiKTeX/fonts/type1/public/lm/lmr17.pfb><C:/Users/marod/AppData/Local/Programs/MiKTeX/fonts/type1/public/lm/lmr7.pfb><C:/Users/marod/AppData/Local/Programs/MiKTeX/fonts/type1/public/lm/lmr8.pfb><C:/Users/marod/AppData/Local/Programs/MiKTeX/fonts/type1/public/lm/lmri10.pfb><C:/Users/marod/AppData/Local/Programs/MiKTeX/fonts/type1/public/lm/lmri12.pfb><C:/Users/marod/AppData/Local/Programs/MiKTeX/fonts/type1/public/lm/lmsy10.pfb><C:/Users/marod/AppData/Local/Programs/MiKTeX/fonts/type1/public/lm/lmsy6.pfb><C:/Users/marod/AppData/Local/Programs/MiKTeX/fonts/type1/public/lm/lmsy8.pfb><C:/Users/marod/AppData/Local/Programs/MiKTeX/fonts/type1/public/lm/lmtt12.pfb><C:/Users/marod/AppData/Local/Programs/MiKTeX/fonts/type1/public/amsfonts/symbols/msam10.pfb><C:/Users/marod/AppData/Local/Programs/MiKTeX/fonts/type1/public/amsfonts/symbols/msbm10.pfb>
Output written on main.pdf (57 pages, 1843438 bytes).
PDF statistics:
 2071 PDF objects out of 2073 (max. 8388607)
 339 named destinations out of 1000 (max. 500000)
 549 words of extra memory for PDF output out of 10000 (max. 10000000)

